<?xml version="1.0" encoding="UTF-8"?>
<!-- Generated by org.testng.reporters.JUnitReportReporter -->
<testsuite hostname="Manjunath" failures="0" tests="1" name="com.inetbanking_v1.Testcases.TC_AddNewCustomer_03" time="6.881" errors="0" timestamp="08 Apr 2021 05:11:43 GMT" skipped="0">
  <testcase classname="com.inetbanking_v1.Testcases.TC_AddNewCustomer_03" name="AddNewCustomer" time="6.881"/>
</testsuite> <!-- com.inetbanking_v1.Testcases.TC_AddNewCustomer_03 -->
