<?xml version="1.0" encoding="UTF-8"?>
<!-- Generated by org.testng.reporters.JUnitReportReporter -->
<testsuite hostname="Manjunath" failures="0" tests="1" name="com.inetbanking_v1.Testcases.TC_LoginTest_01" time="3.384" errors="0" timestamp="02 Apr 2021 11:22:23 GMT" skipped="0">
  <testcase classname="com.inetbanking_v1.Testcases.TC_LoginTest_01" name="LoginTest" time="3.384"/>
</testsuite> <!-- com.inetbanking_v1.Testcases.TC_LoginTest_01 -->
