<?xml version="1.0" encoding="UTF-8"?>
<!-- Generated by org.testng.reporters.JUnitReportReporter -->
<testsuite skipped="0" hostname="Manjunath" name="com.inetbanking_v1.Testcases.TC_LoginTest_01" tests="1" failures="0" timestamp="10 Apr 2021 05:14:19 GMT" time="2.702" errors="0">
  <testcase name="LoginTest" time="2.702" classname="com.inetbanking_v1.Testcases.TC_LoginTest_01"/>
</testsuite> <!-- com.inetbanking_v1.Testcases.TC_LoginTest_01 -->
